<?xml version="1.0" encoding="UTF-8"?>
<!-- Generated by org.testng.reporters.JUnitReportReporter -->
<testsuite hostname="hitg" failures="0" tests="8" name="testCases.TestLoginPage_using_testNG" time="6.916" errors="0" timestamp="26 Oct 2020 23:34:37 GMT">
  <testcase classname="testCases.TestLoginPage_using_testNG" name="testIncorrectCredentials" time="0.397"/>
  <testcase classname="testCases.TestLoginPage_using_testNG" name="testIncorrectCredentials" time="0.429"/>
  <testcase classname="testCases.TestLoginPage_using_testNG" name="testIncorrectCredentials" time="1.124"/>
  <testcase classname="testCases.TestLoginPage_using_testNG" name="testIncorrectCredentials" time="0.756"/>
  <testcase classname="testCases.TestLoginPage_using_testNG" name="testIncorrectCredentials" time="0.557"/>
  <testcase classname="testCases.TestLoginPage_using_testNG" name="testCorrectCredentials" time="2.474"/>
  <testcase classname="testCases.TestLoginPage_using_testNG" name="testIncorrectCredentials" time="0.397"/>
  <testcase classname="testCases.TestLoginPage_using_testNG" name="testIncorrectCredentials" time="0.782"/>
</testsuite> <!-- testCases.TestLoginPage_using_testNG -->
