<?xml version="1.0" encoding="UTF-8"?>
<!-- Generated by org.testng.reporters.JUnitReportReporter -->
<testsuite hostname="hitg" failures="0" tests="1" name="APITest.loginLogOut_apiTest" time="4.093" errors="0" timestamp="28 Oct 2020 01:05:57 GMT">
  <testcase classname="APITest.loginLogOut_apiTest" name="submitForm" time="4.093"/>
</testsuite> <!-- APITest.loginLogOut_apiTest -->
