<?xml version="1.0" encoding="UTF-8"?>
<!-- Generated by org.testng.reporters.JUnitReportReporter -->
<testsuite hostname="hitg" failures="0" tests="8" name="testCases.TestLoginPage" time="6.217" errors="0" timestamp="26 Oct 2020 02:42:56 GMT">
  <testcase classname="testCases.TestLoginPage" name="testIncorrectCredentials" time="0.663"/>
  <testcase classname="testCases.TestLoginPage" name="testIncorrectCredentials" time="0.526"/>
  <testcase classname="testCases.TestLoginPage" name="testIncorrectCredentials" time="0.561"/>
  <testcase classname="testCases.TestLoginPage" name="testIncorrectCredentials" time="0.522"/>
  <testcase classname="testCases.TestLoginPage" name="testIncorrectCredentials" time="1.155"/>
  <testcase classname="testCases.TestLoginPage" name="testCorrectCredentials" time="1.583"/>
  <testcase classname="testCases.TestLoginPage" name="testIncorrectCredentials" time="0.562"/>
  <testcase classname="testCases.TestLoginPage" name="testIncorrectCredentials" time="0.645"/>
</testsuite> <!-- testCases.TestLoginPage -->
